c:\users\administrator.jusin-20180207n\downloads\framework-hsh 9 (2)\framework-hsh\x64\debug\framework-hsh.pch
c:\users\administrator.jusin-20180207n\downloads\framework-hsh 9 (2)\framework-hsh\x64\debug\vc140.pdb
c:\users\administrator.jusin-20180207n\downloads\framework-hsh 9 (2)\framework-hsh\x64\debug\vc140.idb
c:\users\administrator.jusin-20180207n\downloads\framework-hsh 9 (2)\framework-hsh\x64\debug\stdafx.obj
c:\users\administrator.jusin-20180207n\downloads\framework-hsh 9 (2)\framework-hsh\x64\debug\bullet.obj
c:\users\administrator.jusin-20180207n\downloads\framework-hsh 9 (2)\framework-hsh\x64\debug\collisionmanager.obj
c:\users\administrator.jusin-20180207n\downloads\framework-hsh 9 (2)\framework-hsh\x64\debug\monster.obj
c:\users\administrator.jusin-20180207n\downloads\framework-hsh 9 (2)\framework-hsh\x64\debug\framework-hsh.obj
c:\users\administrator.jusin-20180207n\downloads\framework-hsh 9 (2)\framework-hsh\x64\debug\gameobject.obj
c:\users\administrator.jusin-20180207n\downloads\framework-hsh 9 (2)\framework-hsh\x64\debug\mainapp.obj
c:\users\administrator.jusin-20180207n\downloads\framework-hsh 9 (2)\framework-hsh\x64\debug\player.obj
c:\users\administrator.jusin-20180207n\downloads\framework-hsh 9 (2)\framework-hsh\x64\debug\screwbullet.obj
c:\users\administrator.jusin-20180207n\downloads\framework-hsh 9 (2)\framework-hsh\x64\debug\shield.obj
c:\users\administrator.jusin-20180207n\downloads\framework-hsh 9 (2)\x64\debug\framework-hsh.ilk
c:\users\administrator.jusin-20180207n\downloads\framework-hsh 9 (2)\x64\debug\framework-hsh.exe
c:\users\administrator.jusin-20180207n\downloads\framework-hsh 9 (2)\x64\debug\framework-hsh.pdb
c:\users\administrator.jusin-20180207n\downloads\framework-hsh 9 (2)\framework-hsh\x64\debug\framework-hsh.res
c:\users\administrator.jusin-20180207n\downloads\framework-hsh 9 (2)\framework-hsh\x64\debug\framework-hsh.tlog\cl.command.1.tlog
c:\users\administrator.jusin-20180207n\downloads\framework-hsh 9 (2)\framework-hsh\x64\debug\framework-hsh.tlog\cl.read.1.tlog
c:\users\administrator.jusin-20180207n\downloads\framework-hsh 9 (2)\framework-hsh\x64\debug\framework-hsh.tlog\cl.write.1.tlog
c:\users\administrator.jusin-20180207n\downloads\framework-hsh 9 (2)\framework-hsh\x64\debug\framework-hsh.tlog\link.command.1.tlog
c:\users\administrator.jusin-20180207n\downloads\framework-hsh 9 (2)\framework-hsh\x64\debug\framework-hsh.tlog\link.read.1.tlog
c:\users\administrator.jusin-20180207n\downloads\framework-hsh 9 (2)\framework-hsh\x64\debug\framework-hsh.tlog\link.write.1.tlog
c:\users\administrator.jusin-20180207n\downloads\framework-hsh 9 (2)\framework-hsh\x64\debug\framework-hsh.tlog\rc.command.1.tlog
c:\users\administrator.jusin-20180207n\downloads\framework-hsh 9 (2)\framework-hsh\x64\debug\framework-hsh.tlog\rc.read.1.tlog
c:\users\administrator.jusin-20180207n\downloads\framework-hsh 9 (2)\framework-hsh\x64\debug\framework-hsh.tlog\rc.write.1.tlog
