  stdafx.cpp
  Bullet.cpp
c:\users\user\desktop\2021winapi\winapi\framework-hsh\bullet.cpp(27): warning C4244: '인수': 'double'에서 'float'(으)로 변환하면서 데이터가 손실될 수 있습니다.
c:\users\user\desktop\2021winapi\winapi\framework-hsh\bullet.cpp(28): warning C4244: '인수': 'double'에서 'float'(으)로 변환하면서 데이터가 손실될 수 있습니다.
  CollisionManager.cpp
c:\users\user\desktop\2021winapi\winapi\framework-hsh\collisionmanager.cpp(58): warning C4244: '인수': 'double'에서 'float'(으)로 변환하면서 데이터가 손실될 수 있습니다.
c:\users\user\desktop\2021winapi\winapi\framework-hsh\collisionmanager.cpp(59): warning C4244: '인수': 'double'에서 'float'(으)로 변환하면서 데이터가 손실될 수 있습니다.
  Monster.cpp
c:\users\user\desktop\2021winapi\winapi\framework-hsh\monster.cpp(37): warning C4244: '=': 'double'에서 'float'(으)로 변환하면서 데이터가 손실될 수 있습니다.
  FrameWork-HSH.cpp
  GameObject.cpp
  MainApp.cpp
  Player.cpp
c:\users\user\desktop\2021winapi\winapi\framework-hsh\player.cpp(52): warning C4244: '인수': 'double'에서 'float'(으)로 변환하면서 데이터가 손실될 수 있습니다.
c:\users\user\desktop\2021winapi\winapi\framework-hsh\player.cpp(53): warning C4244: '인수': 'double'에서 'float'(으)로 변환하면서 데이터가 손실될 수 있습니다.
c:\users\user\desktop\2021winapi\winapi\framework-hsh\player.cpp(57): warning C4244: '인수': 'double'에서 'float'(으)로 변환하면서 데이터가 손실될 수 있습니다.
c:\users\user\desktop\2021winapi\winapi\framework-hsh\player.cpp(58): warning C4244: '인수': 'double'에서 'float'(으)로 변환하면서 데이터가 손실될 수 있습니다.
c:\users\user\desktop\2021winapi\winapi\framework-hsh\player.cpp(106): warning C4244: '=': 'float'에서 'LONG'(으)로 변환하면서 데이터가 손실될 수 있습니다.
c:\users\user\desktop\2021winapi\winapi\framework-hsh\player.cpp(153): warning C4244: '인수': 'float'에서 'int'(으)로 변환하면서 데이터가 손실될 수 있습니다.
c:\users\user\desktop\2021winapi\winapi\framework-hsh\player.cpp(154): warning C4244: '인수': 'float'에서 'int'(으)로 변환하면서 데이터가 손실될 수 있습니다.
c:\users\user\desktop\2021winapi\winapi\framework-hsh\player.cpp(155): warning C4244: '인수': 'float'에서 'int'(으)로 변환하면서 데이터가 손실될 수 있습니다.
c:\users\user\desktop\2021winapi\winapi\framework-hsh\player.cpp(165): warning C4244: '인수': 'float'에서 'int'(으)로 변환하면서 데이터가 손실될 수 있습니다.
c:\users\user\desktop\2021winapi\winapi\framework-hsh\player.cpp(166): warning C4244: '인수': 'float'에서 'int'(으)로 변환하면서 데이터가 손실될 수 있습니다.
c:\users\user\desktop\2021winapi\winapi\framework-hsh\player.cpp(167): warning C4244: '인수': 'float'에서 'int'(으)로 변환하면서 데이터가 손실될 수 있습니다.
c:\users\user\desktop\2021winapi\winapi\framework-hsh\player.cpp(215): warning C4244: '인수': 'double'에서 'float'(으)로 변환하면서 데이터가 손실될 수 있습니다.
c:\users\user\desktop\2021winapi\winapi\framework-hsh\player.cpp(216): warning C4244: '인수': 'double'에서 'float'(으)로 변환하면서 데이터가 손실될 수 있습니다.
  ScrewBullet.cpp
c:\users\user\desktop\2021winapi\winapi\framework-hsh\screwbullet.cpp(37): warning C4244: '인수': 'double'에서 'float'(으)로 변환하면서 데이터가 손실될 수 있습니다.
c:\users\user\desktop\2021winapi\winapi\framework-hsh\screwbullet.cpp(37): warning C4244: '+=': 'float'에서 'LONG'(으)로 변환하면서 데이터가 손실될 수 있습니다.
c:\users\user\desktop\2021winapi\winapi\framework-hsh\screwbullet.cpp(38): warning C4244: '인수': 'double'에서 'float'(으)로 변환하면서 데이터가 손실될 수 있습니다.
c:\users\user\desktop\2021winapi\winapi\framework-hsh\screwbullet.cpp(38): warning C4244: '-=': 'float'에서 'LONG'(으)로 변환하면서 데이터가 손실될 수 있습니다.
c:\users\user\desktop\2021winapi\winapi\framework-hsh\screwbullet.cpp(47): warning C4244: '인수': 'double'에서 'float'(으)로 변환하면서 데이터가 손실될 수 있습니다.
c:\users\user\desktop\2021winapi\winapi\framework-hsh\screwbullet.cpp(48): warning C4244: '인수': 'double'에서 'float'(으)로 변환하면서 데이터가 손실될 수 있습니다.
c:\users\user\desktop\2021winapi\winapi\framework-hsh\screwbullet.cpp(78): warning C4244: '=': 'float'에서 'LONG'(으)로 변환하면서 데이터가 손실될 수 있습니다.
c:\users\user\desktop\2021winapi\winapi\framework-hsh\screwbullet.cpp(79): warning C4244: '=': 'float'에서 'LONG'(으)로 변환하면서 데이터가 손실될 수 있습니다.
  Shield.cpp
c:\users\user\desktop\2021winapi\winapi\framework-hsh\shield.cpp(33): warning C4244: '인수': 'double'에서 'float'(으)로 변환하면서 데이터가 손실될 수 있습니다.
c:\users\user\desktop\2021winapi\winapi\framework-hsh\shield.cpp(34): warning C4244: '인수': 'double'에서 'float'(으)로 변환하면서 데이터가 손실될 수 있습니다.
  TrackingBullet.cpp
c:\users\user\desktop\2021winapi\winapi\framework-hsh\trackingbullet.cpp(36): warning C4244: '=': 'double'에서 'float'(으)로 변환하면서 데이터가 손실될 수 있습니다.
  코드를 생성하고 있습니다...
c:\users\user\desktop\2021winapi\winapi\framework-hsh\gameobject.cpp(61): warning C4172: 지역 변수 또는 임시의 주소를 반환하고 있습니다.
c:\users\user\desktop\2021winapi\winapi\framework-hsh\gameobject.cpp(64): warning C4172: 지역 변수 또는 임시의 주소를 반환하고 있습니다.
  LINK : C:\Users\user\Desktop\2021WinApi\WinAPI\Debug\FrameWork-HSH.exe을(를) 찾을 수 없거나 마지막 증분 링크에 의해 빌드되지 않았습니다. 전체 링크를 수행하고 있습니다.
  FrameWork-HSH.vcxproj -> C:\Users\user\Desktop\2021WinApi\WinAPI\Debug\FrameWork-HSH.exe
